<?xml version="1.0" encoding="utf-8"?>
<coverage line-rate="0.6082" branch-rate="0.6535" version="1.9" timestamp="1763350769" lines-covered="983" lines-valid="1616" branches-covered="432" branches-valid="661">
  <sources>
    <source>/Users/mashrul/Desktop/dotnet/EasyAppDev.Blazor.AutoComplete/src/EasyAppDev.Blazor.AutoComplete/</source>
  </sources>
  <packages>
    <package name="EasyAppDev.Blazor.AutoComplete" line-rate="0.6082" branch-rate="0.6535" complexity="913">
      <classes>
        <class name="EasyAppDev.Blazor.AutoComplete.AutoComplete`1" filename="Components/AutoComplete.razor.cs" line-rate="0.7748" branch-rate="0.5915" complexity="127">
          <methods>
            <method name="get_Config" signature="()" line-rate="1" branch-rate="1" complexity="1">
              <lines>
                <line number="32" hits="67" branch="False" />
              </lines>
            </method>
            <method name="get_Items" signature="()" line-rate="1" branch-rate="1" complexity="1">
              <lines>
                <line number="38" hits="122" branch="False" />
              </lines>
            </method>
            <method name="get_Value" signature="()" line-rate="1" branch-rate="1" complexity="1">
              <lines>
                <line number="44" hits="218" branch="False" />
              </lines>
            </method>
            <method name="get_ValueChanged" signature="()" line-rate="1" branch-rate="1" complexity="1">
              <lines>
                <line number="50" hits="9" branch="False" />
              </lines>
            </method>
            <method name="get_TextField" signature="()" line-rate="1" branch-rate="1" complexity="1">
              <lines>
                <line number="56" hits="114" branch="False" />
              </lines>
            </method>
            <method name="get_SearchFields" signature="()" line-rate="1" branch-rate="1" complexity="1">
              <lines>
                <line number="64" hits="70" branch="False" />
              </lines>
            </method>
            <method name="get_Placeholder" signature="()" line-rate="1" branch-rate="1" complexity="1">
              <lines>
                <line number="70" hits="260" branch="False" />
              </lines>
            </method>
            <method name="get_MinSearchLength" signature="()" line-rate="1" branch-rate="1" complexity="1">
              <lines>
                <line number="76" hits="115" branch="False" />
              </lines>
            </method>
            <method name="get_MaxDisplayedItems" signature="()" line-rate="1" branch-rate="1" complexity="1">
              <lines>
                <line number="82" hits="106" branch="False" />
              </lines>
            </method>
            <method name="get_AllowClear" signature="()" line-rate="1" branch-rate="1" complexity="1">
              <lines>
                <line number="88" hits="200" branch="False" />
              </lines>
            </method>
            <method name="get_Disabled" signature="()" line-rate="1" branch-rate="1" complexity="1">
              <lines>
                <line number="94" hits="198" branch="False" />
              </lines>
            </method>
            <method name="get_Theme" signature="()" line-rate="1" branch-rate="1" complexity="1">
              <lines>
                <line number="100" hits="198" branch="False" />
              </lines>
            </method>
            <method name="get_BootstrapTheme" signature="()" line-rate="1" branch-rate="1" complexity="1">
              <lines>
                <line number="108" hits="197" branch="False" />
              </lines>
            </method>
            <method name="get_ThemePreset" signature="()" line-rate="1" branch-rate="1" complexity="1">
              <lines>
                <line number="115" hits="280" branch="False" />
              </lines>
            </method>
            <method name="get_Size" signature="()" line-rate="1" branch-rate="1" complexity="1">
              <lines>
                <line number="121" hits="133" branch="False" />
              </lines>
            </method>
            <method name="get_EnableThemeTransitions" signature="()" line-rate="1" branch-rate="1" complexity="1">
              <lines>
                <line number="128" hits="131" branch="False" />
              </lines>
            </method>
            <method name="get_ThemeOverrides" signature="()" line-rate="1" branch-rate="1" complexity="1">
              <lines>
                <line number="136" hits="68" branch="False" />
              </lines>
            </method>
            <method name="get_RightToLeft" signature="()" line-rate="1" branch-rate="1" complexity="1">
              <lines>
                <line number="142" hits="198" branch="False" />
              </lines>
            </method>
            <method name="get_ItemTemplate" signature="()" line-rate="1" branch-rate="1" complexity="1">
              <lines>
                <line number="148" hits="106" branch="False" />
              </lines>
            </method>
            <method name="get_NoResultsTemplate" signature="()" line-rate="1" branch-rate="1" complexity="1">
              <lines>
                <line number="154" hits="7" branch="False" />
              </lines>
            </method>
            <method name="get_DebounceMs" signature="()" line-rate="1" branch-rate="1" complexity="1">
              <lines>
                <line number="161" hits="201" branch="False" />
              </lines>
            </method>
            <method name="get_Virtualize" signature="()" line-rate="1" branch-rate="1" complexity="1">
              <lines>
                <line number="167" hits="67" branch="False" />
              </lines>
            </method>
            <method name="get_VirtualizationThreshold" signature="()" line-rate="1" branch-rate="1" complexity="1">
              <lines>
                <line number="174" hits="67" branch="False" />
              </lines>
            </method>
            <method name="get_ItemHeight" signature="()" line-rate="1" branch-rate="1" complexity="1">
              <lines>
                <line number="181" hits="67" branch="False" />
              </lines>
            </method>
            <method name="get_FilterStrategy" signature="()" line-rate="1" branch-rate="1" complexity="1">
              <lines>
                <line number="187" hits="141" branch="False" />
              </lines>
            </method>
            <method name="get_CustomFilter" signature="()" line-rate="1" branch-rate="1" complexity="1">
              <lines>
                <line number="193" hits="3" branch="False" />
              </lines>
            </method>
            <method name="get_GroupBy" signature="()" line-rate="1" branch-rate="1" complexity="1">
              <lines>
                <line number="199" hits="142" branch="False" />
              </lines>
            </method>
            <method name="get_GroupTemplate" signature="()" line-rate="1" branch-rate="1" complexity="1">
              <lines>
                <line number="205" hits="8" branch="False" />
              </lines>
            </method>
            <method name="get_DisplayMode" signature="()" line-rate="1" branch-rate="1" complexity="1">
              <lines>
                <line number="212" hits="238" branch="False" />
              </lines>
            </method>
            <method name="get_DescriptionField" signature="()" line-rate="1" branch-rate="1" complexity="1">
              <lines>
                <line number="219" hits="67" branch="False" />
              </lines>
            </method>
            <method name="get_BadgeField" signature="()" line-rate="1" branch-rate="1" complexity="1">
              <lines>
                <line number="226" hits="67" branch="False" />
              </lines>
            </method>
            <method name="get_IconField" signature="()" line-rate="1" branch-rate="1" complexity="1">
              <lines>
                <line number="233" hits="67" branch="False" />
              </lines>
            </method>
            <method name="get_SubtitleField" signature="()" line-rate="1" branch-rate="1" complexity="1">
              <lines>
                <line number="240" hits="67" branch="False" />
              </lines>
            </method>
            <method name="get_BadgeClass" signature="()" line-rate="1" branch-rate="1" complexity="1">
              <lines>
                <line number="247" hits="134" branch="False" />
              </lines>
            </method>
            <method name="get_DataSource" signature="()" line-rate="1" branch-rate="1" complexity="1">
              <lines>
                <line number="254" hits="54" branch="False" />
              </lines>
            </method>
            <method name="get_LoadingTemplate" signature="()" line-rate="1" branch-rate="1" complexity="1">
              <lines>
                <line number="260" hits="7" branch="False" />
              </lines>
            </method>
            <method name="get_HeaderTemplate" signature="()" line-rate="1" branch-rate="1" complexity="1">
              <lines>
                <line number="266" hits="45" branch="False" />
              </lines>
            </method>
            <method name="get_FooterTemplate" signature="()" line-rate="1" branch-rate="1" complexity="1">
              <lines>
                <line number="272" hits="45" branch="False" />
              </lines>
            </method>
            <method name="get_ValueExpression" signature="()" line-rate="0" branch-rate="1" complexity="1">
              <lines>
                <line number="278" hits="0" branch="False" />
              </lines>
            </method>
            <method name="get_AriaLabel" signature="()" line-rate="1" branch-rate="1" complexity="1">
              <lines>
                <line number="284" hits="175" branch="False" />
              </lines>
            </method>
            <method name="get_CloseOnSelect" signature="()" line-rate="1" branch-rate="1" complexity="1">
              <lines>
                <line number="291" hits="71" branch="False" />
              </lines>
            </method>
            <method name="get_EditContext" signature="()" line-rate="1" branch-rate="1" complexity="1">
              <lines>
                <line number="297" hits="269" branch="False" />
              </lines>
            </method>
            <method name="get_JSRuntime" signature="()" line-rate="1" branch-rate="1" complexity="1">
              <lines>
                <line number="303" hits="201" branch="False" />
              </lines>
            </method>
            <method name="get__listboxId" signature="()" line-rate="1" branch-rate="1" complexity="1">
              <lines>
                <line number="333" hits="97" branch="False" />
              </lines>
            </method>
            <method name="get__inputId" signature="()" line-rate="1" branch-rate="1" complexity="1">
              <lines>
                <line number="334" hits="130" branch="False" />
              </lines>
            </method>
            <method name="GetItemId" signature="(System.Int32)" line-rate="1" branch-rate="1" complexity="1">
              <lines>
                <line number="335" hits="116" branch="False" />
              </lines>
            </method>
            <method name="get__activeDescendantId" signature="()" line-rate="1" branch-rate="0.75" complexity="4">
              <lines>
                <line number="336" hits="130" branch="True" condition-coverage="75% (3/4)">
                  <conditions>
                    <condition number="7" type="jump" coverage="50%" />
                    <condition number="24" type="jump" coverage="100%" />
                  </conditions>
                </line>
                <line number="337" hits="130" branch="False" />
                <line number="338" hits="130" branch="False" />
              </lines>
            </method>
            <method name="OnInitialized" signature="()" line-rate="0.8684000000000001" branch-rate="0.6923" complexity="13">
              <lines>
                <line number="345" hits="67" branch="False" />
                <line number="346" hits="67" branch="False" />
                <line number="349" hits="67" branch="False" />
                <line number="352" hits="67" branch="False" />
                <line number="353" hits="67" branch="False" />
                <line number="354" hits="67" branch="False" />
                <line number="355" hits="67" branch="False" />
                <line number="356" hits="67" branch="False" />
                <line number="357" hits="67" branch="False" />
                <line number="360" hits="67" branch="True" condition-coverage="80% (4/5)">
                  <conditions>
                    <condition number="139" type="switch" coverage="80%" />
                  </conditions>
                </line>
                <line number="361" hits="67" branch="False" />
                <line number="362" hits="60" branch="False" />
                <line number="363" hits="4" branch="False" />
                <line number="364" hits="2" branch="False" />
                <line number="365" hits="2" branch="True" condition-coverage="50% (1/2)">
                  <conditions>
                    <condition number="193" type="jump" coverage="50%" />
                  </conditions>
                </line>
                <line number="366" hits="0" branch="False" />
                <line number="367" hits="67" branch="False" />
                <line number="370" hits="67" branch="False" />
                <line number="371" hits="67" branch="False" />
                <line number="372" hits="67" branch="False" />
                <line number="373" hits="67" branch="False" />
                <line number="374" hits="67" branch="False" />
                <line number="375" hits="67" branch="False" />
                <line number="376" hits="67" branch="False" />
                <line number="377" hits="67" branch="False" />
                <line number="378" hits="67" branch="False" />
                <line number="379" hits="67" branch="False" />
                <line number="382" hits="67" branch="True" condition-coverage="100% (2/2)">
                  <conditions>
                    <condition number="372" type="jump" coverage="100%" />
                  </conditions>
                </line>
                <line number="383" hits="28" branch="False" />
                <line number="384" hits="28" branch="False" />
                <line number="385" hits="28" branch="False" />
                <line number="388" hits="67" branch="False" />
                <line number="391" hits="67" branch="True" condition-coverage="50% (2/4)">
                  <conditions>
                    <condition number="416" type="jump" coverage="50%" />
                    <condition number="432" type="jump" coverage="50%" />
                  </conditions>
                </line>
                <line number="392" hits="0" branch="False" />
                <line number="393" hits="0" branch="False" />
                <line number="394" hits="0" branch="False" />
                <line number="395" hits="0" branch="False" />
                <line number="396" hits="67" branch="False" />
              </lines>
            </method>
            <method name="ApplyConfiguration" signature="(EasyAppDev.Blazor.AutoComplete.Configuration.AutoCompleteConfig`1&lt;TItem&gt;)" line-rate="0" branch-rate="1" complexity="1">
              <lines>
                <line number="430" hits="0" branch="False" />
                <line number="433" hits="0" branch="False" />
                <line number="434" hits="0" branch="False" />
              </lines>
            </method>
            <method name="HandleMouseEnter" signature="(System.Int32)" line-rate="1" branch-rate="1" complexity="2">
              <lines>
                <line number="545" hits="1" branch="False" />
                <line number="546" hits="1" branch="True" condition-coverage="100% (2/2)">
                  <conditions>
                    <condition number="12" type="jump" coverage="100%" />
                  </conditions>
                </line>
                <line number="547" hits="1" branch="False" />
                <line number="548" hits="1" branch="False" />
                <line number="549" hits="1" branch="False" />
                <line number="550" hits="1" branch="False" />
                <line number="551" hits="1" branch="False" />
              </lines>
            </method>
            <method name="OnFocusIn" signature="()" line-rate="0" branch-rate="0" complexity="6">
              <lines>
                <line number="554" hits="0" branch="False" />
                <line number="555" hits="0" branch="True" condition-coverage="0% (0/4)">
                  <conditions>
                    <condition number="18" type="jump" coverage="0%" />
                    <condition number="36" type="jump" coverage="0%" />
                  </conditions>
                </line>
                <line number="556" hits="0" branch="False" />
                <line number="557" hits="0" branch="False" />
                <line number="558" hits="0" branch="True" condition-coverage="0% (0/2)">
                  <conditions>
                    <condition number="57" type="jump" coverage="0%" />
                  </conditions>
                </line>
                <line number="559" hits="0" branch="False" />
                <line number="560" hits="0" branch="False" />
                <line number="561" hits="0" branch="False" />
                <line number="562" hits="0" branch="False" />
                <line number="563" hits="0" branch="False" />
              </lines>
            </method>
            <method name="OnFocusOut" signature="()" line-rate="0" branch-rate="1" complexity="1">
              <lines>
                <line number="566" hits="0" branch="False" />
                <line number="568" hits="0" branch="False" />
                <line number="569" hits="0" branch="False" />
                <line number="570" hits="0" branch="False" />
                <line number="571" hits="0" branch="False" />
                <line number="572" hits="0" branch="False" />
                <line number="573" hits="0" branch="False" />
              </lines>
            </method>
            <method name="ClearSearch" signature="()" line-rate="0.7857" branch-rate="0.5" complexity="8">
              <lines>
                <line number="597" hits="1" branch="False" />
                <line number="599" hits="1" branch="True" condition-coverage="50% (1/2)">
                  <conditions>
                    <condition number="8" type="jump" coverage="50%" />
                  </conditions>
                </line>
                <line number="601" hits="1" branch="False" />
                <line number="602" hits="1" branch="False" />
                <line number="603" hits="1" branch="False" />
                <line number="604" hits="1" branch="False" />
                <line number="605" hits="1" branch="False" />
                <line number="606" hits="1" branch="True" condition-coverage="50% (1/2)">
                  <conditions>
                    <condition number="84" type="jump" coverage="50%" />
                  </conditions>
                </line>
                <line number="607" hits="1" branch="False" />
                <line number="610" hits="1" branch="True" condition-coverage="50% (2/4)">
                  <conditions>
                    <condition number="122" type="jump" coverage="50%" />
                    <condition number="138" type="jump" coverage="50%" />
                  </conditions>
                </line>
                <line number="611" hits="0" branch="False" />
                <line number="612" hits="0" branch="False" />
                <line number="613" hits="0" branch="False" />
                <line number="614" hits="1" branch="False" />
              </lines>
            </method>
            <method name="OnValidationStateChanged" signature="(System.Object,Microsoft.AspNetCore.Components.Forms.ValidationStateChangedEventArgs)" line-rate="0" branch-rate="1" complexity="1">
              <lines>
                <line number="617" hits="0" branch="False" />
                <line number="618" hits="0" branch="False" />
                <line number="619" hits="0" branch="False" />
              </lines>
            </method>
            <method name="GetItemText" signature="(TItem)" line-rate="1" branch-rate="1" complexity="1">
              <lines>
                <line number="712" hits="249" branch="False" />
              </lines>
            </method>
            <method name="GetDescriptionText" signature="(TItem)" line-rate="0" branch-rate="1" complexity="1">
              <lines>
                <line number="715" hits="0" branch="False" />
              </lines>
            </method>
            <method name="GetBadgeText" signature="(TItem)" line-rate="0" branch-rate="1" complexity="1">
              <lines>
                <line number="718" hits="0" branch="False" />
              </lines>
            </method>
            <method name="GetIconText" signature="(TItem)" line-rate="0" branch-rate="1" complexity="1">
              <lines>
                <line number="721" hits="0" branch="False" />
              </lines>
            </method>
            <method name="GetSubtitleText" signature="(TItem)" line-rate="0" branch-rate="1" complexity="1">
              <lines>
                <line number="724" hits="0" branch="False" />
              </lines>
            </method>
            <method name="IsSelected" signature="(TItem)" line-rate="0.75" branch-rate="0.5" complexity="4">
              <lines>
                <line number="727" hits="208" branch="False" />
                <line number="728" hits="416" branch="True" condition-coverage="50% (2/4)">
                  <conditions>
                    <condition number="12" type="jump" coverage="50%" />
                    <condition number="28" type="jump" coverage="50%" />
                  </conditions>
                </line>
                <line number="729" hits="0" branch="False" />
                <line number="730" hits="208" branch="False" />
              </lines>
            </method>
            <method name="IsKeyboardSelected" signature="(TItem,System.Int32)" line-rate="1" branch-rate="0.5" complexity="2">
              <lines>
                <line number="733" hits="104" branch="False" />
                <line number="734" hits="104" branch="True" condition-coverage="50% (1/2)">
                  <conditions>
                    <condition number="12" type="jump" coverage="50%" />
                  </conditions>
                </line>
                <line number="735" hits="104" branch="False" />
                <line number="736" hits="104" branch="False" />
              </lines>
            </method>
            <method name="HasValidationErrors" signature="()" line-rate="0.75" branch-rate="0.5" complexity="4">
              <lines>
                <line number="739" hits="130" branch="False" />
                <line number="740" hits="260" branch="True" condition-coverage="50% (2/4)">
                  <conditions>
                    <condition number="7" type="jump" coverage="50%" />
                    <condition number="23" type="jump" coverage="50%" />
                  </conditions>
                </line>
                <line number="741" hits="0" branch="False" />
                <line number="742" hits="130" branch="False" />
              </lines>
            </method>
            <method name="GetValidationClass" signature="()" line-rate="0.6666" branch-rate="0.5" complexity="2">
              <lines>
                <line number="745" hits="130" branch="False" />
                <line number="746" hits="130" branch="True" condition-coverage="50% (1/2)">
                  <conditions>
                    <condition number="9" type="jump" coverage="50%" />
                  </conditions>
                </line>
                <line number="747" hits="0" branch="False" />
                <line number="748" hits="0" branch="False" />
                <line number="750" hits="130" branch="False" />
                <line number="751" hits="130" branch="False" />
              </lines>
            </method>
            <method name="get_ThemeClass" signature="()" line-rate="1" branch-rate="0.5" complexity="4">
              <lines>
                <line number="753" hits="130" branch="True" condition-coverage="50% (2/4)">
                  <conditions>
                    <condition number="7" type="jump" coverage="50%" />
                    <condition number="25" type="jump" coverage="50%" />
                  </conditions>
                </line>
              </lines>
            </method>
            <method name="get_BootstrapThemeClass" signature="()" line-rate="1" branch-rate="0.5" complexity="4">
              <lines>
                <line number="755" hits="130" branch="True" condition-coverage="50% (2/4)">
                  <conditions>
                    <condition number="7" type="jump" coverage="50%" />
                    <condition number="25" type="jump" coverage="50%" />
                  </conditions>
                </line>
              </lines>
            </method>
            <method name="get_ThemePresetClass" signature="()" line-rate="1" branch-rate="0.5" complexity="4">
              <lines>
                <line number="757" hits="130" branch="True" condition-coverage="50% (2/4)">
                  <conditions>
                    <condition number="7" type="jump" coverage="50%" />
                    <condition number="25" type="jump" coverage="50%" />
                  </conditions>
                </line>
              </lines>
            </method>
            <method name="get_DirectionAttribute" signature="()" line-rate="1" branch-rate="1" complexity="2">
              <lines>
                <line number="759" hits="130" branch="True" condition-coverage="100% (2/2)">
                  <conditions>
                    <condition number="6" type="jump" coverage="100%" />
                  </conditions>
                </line>
              </lines>
            </method>
            <method name="get_HasGrouping" signature="()" line-rate="1" branch-rate="1" complexity="1">
              <lines>
                <line number="761" hits="127" branch="False" />
              </lines>
            </method>
            <method name="UpdateThemeClassesAndStyles" signature="()" line-rate="0.8421" branch-rate="0.9" complexity="10">
              <lines>
                <line number="790" hits="62" branch="False" />
                <line number="791" hits="62" branch="True" condition-coverage="100% (2/2)">
                  <conditions>
                    <condition number="12" type="jump" coverage="100%" />
                  </conditions>
                </line>
                <line number="794" hits="62" branch="False" />
                <line number="797" hits="62" branch="False" />
                <line number="800" hits="62" branch="True" condition-coverage="100% (2/2)">
                  <conditions>
                    <condition number="57" type="jump" coverage="100%" />
                  </conditions>
                </line>
                <line number="801" hits="61" branch="False" />
                <line number="802" hits="61" branch="False" />
                <line number="803" hits="61" branch="False" />
                <line number="805" hits="62" branch="False" />
                <line number="808" hits="62" branch="False" />
                <line number="811" hits="62" branch="True" condition-coverage="75% (3/4)">
                  <conditions>
                    <condition number="114" type="jump" coverage="100%" />
                    <condition number="137" type="jump" coverage="50%" />
                  </conditions>
                </line>
                <line number="812" hits="0" branch="False" />
                <line number="813" hits="0" branch="False" />
                <line number="814" hits="0" branch="False" />
                <line number="815" hits="62" branch="True" condition-coverage="100% (2/2)">
                  <conditions>
                    <condition number="179" type="jump" coverage="100%" />
                  </conditions>
                </line>
                <line number="816" hits="6" branch="False" />
                <line number="817" hits="6" branch="False" />
                <line number="818" hits="6" branch="False" />
                <line number="820" hits="62" branch="False" />
              </lines>
            </method>
            <method name="&lt;FilterItemsAsync&gt;b__214_0" signature="(TItem)" line-rate="1" branch-rate="0.5" complexity="2">
              <lines>
                <line number="650" hits="18" branch="True" condition-coverage="50% (1/2)">
                  <conditions>
                    <condition number="13" type="jump" coverage="50%" />
                  </conditions>
                </line>
              </lines>
            </method>
            <method name=".ctor" signature="()" line-rate="1" branch-rate="1" complexity="1">
              <lines>
                <line number="305" hits="67" branch="False" />
                <line number="306" hits="67" branch="False" />
                <line number="307" hits="67" branch="False" />
                <line number="308" hits="67" branch="False" />
                <line number="315" hits="67" branch="False" />
                <line number="316" hits="67" branch="False" />
                <line number="317" hits="67" branch="False" />
                <line number="321" hits="67" branch="False" />
                <line number="323" hits="67" branch="False" />
                <line number="328" hits="67" branch="False" />
                <line number="329" hits="67" branch="False" />
                <line number="332" hits="67" branch="False" />
              </lines>
            </method>
          </methods>
          <lines>
            <line number="32" hits="67" branch="False" />
            <line number="38" hits="122" branch="False" />
            <line number="44" hits="218" branch="False" />
            <line number="50" hits="9" branch="False" />
            <line number="56" hits="114" branch="False" />
            <line number="64" hits="70" branch="False" />
            <line number="70" hits="260" branch="False" />
            <line number="76" hits="115" branch="False" />
            <line number="82" hits="106" branch="False" />
            <line number="88" hits="200" branch="False" />
            <line number="94" hits="198" branch="False" />
            <line number="100" hits="198" branch="False" />
            <line number="108" hits="197" branch="False" />
            <line number="115" hits="280" branch="False" />
            <line number="121" hits="133" branch="False" />
            <line number="128" hits="131" branch="False" />
            <line number="136" hits="68" branch="False" />
            <line number="142" hits="198" branch="False" />
            <line number="148" hits="106" branch="False" />
            <line number="154" hits="7" branch="False" />
            <line number="161" hits="201" branch="False" />
            <line number="167" hits="67" branch="False" />
            <line number="174" hits="67" branch="False" />
            <line number="181" hits="67" branch="False" />
            <line number="187" hits="141" branch="False" />
            <line number="193" hits="3" branch="False" />
            <line number="199" hits="142" branch="False" />
            <line number="205" hits="8" branch="False" />
            <line number="212" hits="238" branch="False" />
            <line number="219" hits="67" branch="False" />
            <line number="226" hits="67" branch="False" />
            <line number="233" hits="67" branch="False" />
            <line number="240" hits="67" branch="False" />
            <line number="247" hits="134" branch="False" />
            <line number="254" hits="54" branch="False" />
            <line number="260" hits="7" branch="False" />
            <line number="266" hits="45" branch="False" />
            <line number="272" hits="45" branch="False" />
            <line number="278" hits="0" branch="False" />
            <line number="284" hits="175" branch="False" />
            <line number="291" hits="71" branch="False" />
            <line number="297" hits="269" branch="False" />
            <line number="303" hits="201" branch="False" />
            <line number="333" hits="97" branch="False" />
            <line number="334" hits="130" branch="False" />
            <line number="335" hits="116" branch="False" />
            <line number="336" hits="130" branch="True" condition-coverage="75% (3/4)">
              <conditions>
                <condition number="7" type="jump" coverage="50%" />
                <condition number="24" type="jump" coverage="100%" />
              </conditions>
            </line>
            <line number="337" hits="130" branch="False" />
            <line number="338" hits="130" branch="False" />
            <line number="345" hits="67" branch="False" />
            <line number="346" hits="67" branch="False" />
            <line number="349" hits="67" branch="False" />
            <line number="352" hits="67" branch="False" />
            <line number="353" hits="67" branch="False" />
            <line number="354" hits="67" branch="False" />
            <line number="355" hits="67" branch="False" />
            <line number="356" hits="67" branch="False" />
            <line number="357" hits="67" branch="False" />
            <line number="360" hits="67" branch="True" condition-coverage="80% (4/5)">
              <conditions>
                <condition number="139" type="switch" coverage="80%" />
              </conditions>
            </line>
            <line number="361" hits="67" branch="False" />
            <line number="362" hits="60" branch="False" />
            <line number="363" hits="4" branch="False" />
            <line number="364" hits="2" branch="False" />
            <line number="365" hits="2" branch="True" condition-coverage="50% (1/2)">
              <conditions>
                <condition number="193" type="jump" coverage="50%" />
              </conditions>
            </line>
            <line number="366" hits="0" branch="False" />
            <line number="367" hits="67" branch="False" />
            <line number="370" hits="67" branch="False" />
            <line number="371" hits="67" branch="False" />
            <line number="372" hits="67" branch="False" />
            <line number="373" hits="67" branch="False" />
            <line number="374" hits="67" branch="False" />
            <line number="375" hits="67" branch="False" />
            <line number="376" hits="67" branch="False" />
            <line number="377" hits="67" branch="False" />
            <line number="378" hits="67" branch="False" />
            <line number="379" hits="67" branch="False" />
            <line number="382" hits="67" branch="True" condition-coverage="100% (2/2)">
              <conditions>
                <condition number="372" type="jump" coverage="100%" />
              </conditions>
            </line>
            <line number="383" hits="28" branch="False" />
            <line number="384" hits="28" branch="False" />
            <line number="385" hits="28" branch="False" />
            <line number="388" hits="67" branch="False" />
            <line number="391" hits="67" branch="True" condition-coverage="50% (2/4)">
              <conditions>
                <condition number="416" type="jump" coverage="50%" />
                <condition number="432" type="jump" coverage="50%" />
              </conditions>
            </line>
            <line number="392" hits="0" branch="False" />
            <line number="393" hits="0" branch="False" />
            <line number="394" hits="0" branch="False" />
            <line number="395" hits="0" branch="False" />
            <line number="396" hits="67" branch="False" />
            <line number="430" hits="0" branch="False" />
            <line number="433" hits="0" branch="False" />
            <line number="434" hits="0" branch="False" />
            <line number="545" hits="1" branch="False" />
            <line number="546" hits="1" branch="True" condition-coverage="100% (2/2)">
              <conditions>
                <condition number="12" type="jump" coverage="100%" />
              </conditions>
            </line>
            <line number="547" hits="1" branch="False" />
            <line number="548" hits="1" branch="False" />
            <line number="549" hits="1" branch="False" />
            <line number="550" hits="1" branch="False" />
            <line number="551" hits="1" branch="False" />
            <line number="554" hits="0" branch="False" />
            <line number="555" hits="0" branch="True" condition-coverage="0% (0/4)">
              <conditions>
                <condition number="18" type="jump" coverage="0%" />
                <condition number="36" type="jump" coverage="0%" />
              </conditions>
            </line>
            <line number="556" hits="0" branch="False" />
            <line number="557" hits="0" branch="False" />
            <line number="558" hits="0" branch="True" condition-coverage="0% (0/2)">
              <conditions>
                <condition number="57" type="jump" coverage="0%" />
              </conditions>
            </line>
            <line number="559" hits="0" branch="False" />
            <line number="560" hits="0" branch="False" />
            <line number="561" hits="0" branch="False" />
            <line number="562" hits="0" branch="False" />
            <line number="563" hits="0" branch="False" />
            <line number="566" hits="0" branch="False" />
            <line number="568" hits="0" branch="False" />
            <line number="569" hits="0" branch="False" />
            <line number="570" hits="0" branch="False" />
            <line number="571" hits="0" branch="False" />
            <line number="572" hits="0" branch="False" />
            <line number="573" hits="0" branch="False" />
            <line number="597" hits="1" branch="False" />
            <line number="599" hits="1" branch="True" condition-coverage="50% (1/2)">
              <conditions>
                <condition number="8" type="jump" coverage="50%" />
              </conditions>
            </line>
            <line number="601" hits="1" branch="False" />
            <line number="602" hits="1" branch="False" />
            <line number="603" hits="1" branch="False" />
            <line number="604" hits="1" branch="False" />
            <line number="605" hits="1" branch="False" />
            <line number="606" hits="1" branch="True" condition-coverage="50% (1/2)">
              <conditions>
                <condition number="84" type="jump" coverage="50%" />
              </conditions>
            </line>
            <line number="607" hits="1" branch="False" />
            <line number="610" hits="1" branch="True" condition-coverage="50% (2/4)">
              <conditions>
                <condition number="122" type="jump" coverage="50%" />
                <condition number="138" type="jump" coverage="50%" />
              </conditions>
            </line>
            <line number="611" hits="0" branch="False" />
            <line number="612" hits="0" branch="False" />
            <line number="613" hits="0" branch="False" />
            <line number="614" hits="1" branch="False" />
            <line number="617" hits="0" branch="False" />
            <line number="618" hits="0" branch="False" />
            <line number="619" hits="0" branch="False" />
            <line number="712" hits="249" branch="False" />
            <line number="715" hits="0" branch="False" />
            <line number="718" hits="0" branch="False" />
            <line number="721" hits="0" branch="False" />
            <line number="724" hits="0" branch="False" />
            <line number="727" hits="208" branch="False" />
            <line number="728" hits="416" branch="True" condition-coverage="50% (2/4)">
              <conditions>
                <condition number="12" type="jump" coverage="50%" />
                <condition number="28" type="jump" coverage="50%" />
              </conditions>
            </line>
            <line number="729" hits="0" branch="False" />
            <line number="730" hits="208" branch="False" />
            <line number="733" hits="104" branch="False" />
            <line number="734" hits="104" branch="True" condition-coverage="50% (1/2)">
              <conditions>
                <condition number="12" type="jump" coverage="50%" />
              </conditions>
            </line>
            <line number="735" hits="104" branch="False" />
            <line number="736" hits="104" branch="False" />
            <line number="739" hits="130" branch="False" />
            <line number="740" hits="260" branch="True" condition-coverage="50% (2/4)">
              <conditions>
                <condition number="7" type="jump" coverage="50%" />
                <condition number="23" type="jump" coverage="50%" />
              </conditions>
            </line>
            <line number="741" hits="0" branch="False" />
            <line number="742" hits="130" branch="False" />
            <line number="745" hits="130" branch="False" />
            <line number="746" hits="130" branch="True" condition-coverage="50% (1/2)">
              <conditions>
                <condition number="9" type="jump" coverage="50%" />
              </conditions>
            </line>
            <line number="747" hits="0" branch="False" />
            <line number="748" hits="0" branch="False" />
            <line number="750" hits="130" branch="False" />
            <line number="751" hits="130" branch="False" />
            <line number="753" hits="130" branch="True" condition-coverage="50% (2/4)">
              <conditions>
                <condition number="7" type="jump" coverage="50%" />
                <condition number="25" type="jump" coverage="50%" />
              </conditions>
            </line>
            <line number="755" hits="130" branch="True" condition-coverage="50% (2/4)">
              <conditions>
                <condition number="7" type="jump" coverage="50%" />
                <condition number="25" type="jump" coverage="50%" />
              </conditions>
            </line>
            <line number="757" hits="130" branch="True" condition-coverage="50% (2/4)">
              <conditions>
                <condition number="7" type="jump" coverage="50%" />
                <condition number="25" type="jump" coverage="50%" />
              </conditions>
            </line>
            <line number="759" hits="130" branch="True" condition-coverage="100% (2/2)">
              <conditions>
                <condition number="6" type="jump" coverage="100%" />
              </conditions>
            </line>
            <line number="761" hits="127" branch="False" />
            <line number="790" hits="62" branch="False" />
            <line number="791" hits="62" branch="True" condition-coverage="100% (2/2)">
              <conditions>
                <condition number="12" type="jump" coverage="100%" />
              </conditions>
            </line>
            <line number="794" hits="62" branch="False" />
            <line number="797" hits="62" branch="False" />
            <line number="800" hits="62" branch="True" condition-coverage="100% (2/2)">
              <conditions>
                <condition number="57" type="jump" coverage="100%" />
              </conditions>
            </line>
            <line number="801" hits="61" branch="False" />
            <line number="802" hits="61" branch="False" />
            <line number="803" hits="61" branch="False" />
            <line number="805" hits="62" branch="False" />
            <line number="808" hits="62" branch="False" />
            <line number="811" hits="62" branch="True" condition-coverage="75% (3/4)">
              <conditions>
                <condition number="114" type="jump" coverage="100%" />
                <condition number="137" type="jump" coverage="50%" />
              </conditions>
            </line>
            <line number="812" hits="0" branch="False" />
            <line number="813" hits="0" branch="False" />
            <line number="814" hits="0" branch="False" />
            <line number="815" hits="62" branch="True" condition-coverage="100% (2/2)">
              <conditions>
                <condition number="179" type="jump" coverage="100%" />
              </conditions>
            </line>
            <line number="816" hits="6" branch="False" />
            <line number="817" hits="6" branch="False" />
            <line number="818" hits="6" branch="False" />
            <line number="820" hits="62" branch="False" />
            <line number="650" hits="18" branch="True" condition-coverage="50% (1/2)">
              <conditions>
                <condition number="13" type="jump" coverage="50%" />
              </conditions>
            </line>
            <line number="305" hits="67" branch="False" />
            <line number="306" hits="67" branch="False" />
            <line number="307" hits="67" branch="False" />
            <line number="308" hits="67" branch="False" />
            <line number="315" hits="67" branch="False" />
            <line number="316" hits="67" branch="False" />
            <line number="317" hits="67" branch="False" />
            <line number="321" hits="67" branch="False" />
            <line number="323" hits="67" branch="False" />
            <line number="328" hits="67" branch="False" />
            <line number="329" hits="67" branch="False" />
            <line number="332" hits="67" branch="False" />
          </lines>
        </class>
        <class name="EasyAppDev.Blazor.AutoComplete.AutoComplete`1/&lt;&gt;c__DisplayClass206_0/&lt;&lt;OnSearchTextChanged&gt;b__0&gt;d" filename="Components/AutoComplete.razor.cs" line-rate="0.07139999999999999" branch-rate="0" complexity="4">
          <methods>
            <method name="MoveNext" signature="()" line-rate="0.07139999999999999" branch-rate="0" complexity="4">
              <lines>
                <line number="455" hits="0" branch="False" />
                <line number="457" hits="0" branch="True" condition-coverage="0% (0/2)">
                  <conditions>
                    <condition number="77" type="jump" coverage="0%" />
                  </conditions>
                </line>
                <line number="458" hits="0" branch="False" />
                <line number="460" hits="0" branch="False" />
                <line number="461" hits="0" branch="False" />
                <line number="462" hits="0" branch="True" condition-coverage="0% (0/2)">
                  <conditions>
                    <condition number="138" type="jump" coverage="0%" />
                  </conditions>
                </line>
                <line number="463" hits="0" branch="False" />
                <line number="464" hits="0" branch="False" />
                <line number="465" hits="0" branch="False" />
                <line number="466" hits="0" branch="False" />
                <line number="468" hits="0" branch="False" />
                <line number="469" hits="0" branch="False" />
                <line number="470" hits="0" branch="False" />
                <line number="471" hits="2" branch="False" />
              </lines>
            </method>
          </methods>
          <lines>
            <line number="455" hits="0" branch="False" />
            <line number="457" hits="0" branch="True" condition-coverage="0% (0/2)">
              <conditions>
                <condition number="77" type="jump" coverage="0%" />
              </conditions>
            </line>
            <line number="458" hits="0" branch="False" />
            <line number="460" hits="0" branch="False" />
            <line number="461" hits="0" branch="False" />
            <line number="462" hits="0" branch="True" condition-coverage="0% (0/2)">
              <conditions>
                <condition number="138" type="jump" coverage="0%" />
              </conditions>
            </line>
            <line number="463" hits="0" branch="False" />
            <line number="464" hits="0" branch="False" />
            <line number="465" hits="0" branch="False" />
            <line number="466" hits="0" branch="False" />
            <line number="468" hits="0" branch="False" />
            <line number="469" hits="0" branch="False" />
            <line number="470" hits="0" branch="False" />
            <line number="471" hits="2" branch="False" />
          </lines>
        </class>
        <class name="EasyAppDev.Blazor.AutoComplete.AutoComplete`1/&lt;&gt;c__DisplayClass214_0" filename="Components/AutoComplete.razor.cs" line-rate="1" branch-rate="1" complexity="1">
          <methods>
            <method name="&lt;FilterItemsAsync&gt;b__1" signature="(TItem)" line-rate="1" branch-rate="1" complexity="1">
              <lines>
                <line number="678" hits="13" branch="False" />
              </lines>
            </method>
          </methods>
          <lines>
            <line number="678" hits="13" branch="False" />
          </lines>
        </class>
        <class name="EasyAppDev.Blazor.AutoComplete.AutoComplete`1/&lt;ApplyThemeAsync&gt;d__234" filename="Components/AutoComplete.razor.cs" line-rate="0.2727" branch-rate="0.3333" complexity="6">
          <methods>
            <method name="MoveNext" signature="()" line-rate="0.2727" branch-rate="0.3333" complexity="6">
              <lines>
                <line number="771" hits="5" branch="False" />
                <line number="772" hits="5" branch="True" condition-coverage="50% (2/4)">
                  <conditions>
                    <condition number="29" type="jump" coverage="50%" />
                    <condition number="50" type="jump" coverage="50%" />
                  </conditions>
                </line>
                <line number="773" hits="0" branch="False" />
                <line number="774" hits="0" branch="False" />
                <line number="775" hits="0" branch="False" />
                <line number="779" hits="5" branch="False" />
                <line number="780" hits="0" branch="True" condition-coverage="0% (0/2)">
                  <conditions>
                    <condition number="229" type="jump" coverage="0%" />
                  </conditions>
                </line>
                <line number="781" hits="0" branch="False" />
                <line number="782" hits="0" branch="False" />
                <line number="783" hits="0" branch="False" />
                <line number="784" hits="0" branch="False" />
              </lines>
            </method>
          </methods>
          <lines>
            <line number="771" hits="5" branch="False" />
            <line number="772" hits="5" branch="True" condition-coverage="50% (2/4)">
              <conditions>
                <condition number="29" type="jump" coverage="50%" />
                <condition number="50" type="jump" coverage="50%" />
              </conditions>
            </line>
            <line number="773" hits="0" branch="False" />
            <line number="774" hits="0" branch="False" />
            <line number="775" hits="0" branch="False" />
            <line number="779" hits="5" branch="False" />
            <line number="780" hits="0" branch="True" condition-coverage="0% (0/2)">
              <conditions>
                <condition number="229" type="jump" coverage="0%" />
              </conditions>
            </line>
            <line number="781" hits="0" branch="False" />
            <line number="782" hits="0" branch="False" />
            <line number="783" hits="0" branch="False" />
            <line number="784" hits="0" branch="False" />
          </lines>
        </class>
        <class name="EasyAppDev.Blazor.AutoComplete.AutoComplete`1/&lt;DisposeAsync&gt;d__236" filename="Components/AutoComplete.razor.cs" line-rate="0.7" branch-rate="0.875" complexity="8">
          <methods>
            <method name="MoveNext" signature="()" line-rate="0.7" branch-rate="0.875" complexity="8">
              <lines>
                <line number="830" hits="67" branch="False" />
                <line number="831" hits="67" branch="True" condition-coverage="100% (2/2)">
                  <conditions>
                    <condition number="30" type="jump" coverage="100%" />
                  </conditions>
                </line>
                <line number="832" hits="67" branch="True" condition-coverage="100% (2/2)">
                  <conditions>
                    <condition number="53" type="jump" coverage="100%" />
                  </conditions>
                </line>
                <line number="833" hits="67" branch="True" condition-coverage="100% (2/2)">
                  <conditions>
                    <condition number="76" type="jump" coverage="100%" />
                  </conditions>
                </line>
                <line number="835" hits="67" branch="True" condition-coverage="50% (1/2)">
                  <conditions>
                    <condition number="103" type="jump" coverage="50%" />
                  </conditions>
                </line>
                <line number="836" hits="0" branch="False" />
                <line number="837" hits="0" branch="False" />
                <line number="838" hits="0" branch="False" />
                <line number="840" hits="67" branch="False" />
                <line number="841" hits="67" branch="False" />
              </lines>
            </method>
          </methods>
          <lines>
            <line number="830" hits="67" branch="False" />
            <line number="831" hits="67" branch="True" condition-coverage="100% (2/2)">
              <conditions>
                <condition number="30" type="jump" coverage="100%" />
              </conditions>
            </line>
            <line number="832" hits="67" branch="True" condition-coverage="100% (2/2)">
              <conditions>
                <condition number="53" type="jump" coverage="100%" />
              </conditions>
            </line>
            <line number="833" hits="67" branch="True" condition-coverage="100% (2/2)">
              <conditions>
                <condition number="76" type="jump" coverage="100%" />
              </conditions>
            </line>
            <line number="835" hits="67" branch="True" condition-coverage="50% (1/2)">
              <conditions>
                <condition number="103" type="jump" coverage="50%" />
              </conditions>
            </line>
            <line number="836" hits="0" branch="False" />
            <line number="837" hits="0" branch="False" />
            <line number="838" hits="0" branch="False" />
            <line number="840" hits="67" branch="False" />
            <line number="841" hits="67" branch="False" />
          </lines>
        </class>
        <class name="EasyAppDev.Blazor.AutoComplete.AutoComplete`1/&lt;FilterItemsAsync&gt;d__214" filename="Components/AutoComplete.razor.cs" line-rate="0.7142000000000001" branch-rate="0.65" complexity="20">
          <methods>
            <method name="MoveNext" signature="()" line-rate="0.7142000000000001" branch-rate="0.65" complexity="20">
              <lines>
                <line number="626" hits="39" branch="False" />
                <line number="628" hits="39" branch="True" condition-coverage="100% (2/2)">
                  <conditions>
                    <condition number="38" type="jump" coverage="100%" />
                  </conditions>
                </line>
                <line number="629" hits="39" branch="False" />
                <line number="630" hits="39" branch="False" />
                <line number="633" hits="39" branch="False" />
                <line number="637" hits="39" branch="True" condition-coverage="100% (2/2)">
                  <conditions>
                    <condition number="119" type="jump" coverage="100%" />
                  </conditions>
                </line>
                <line number="638" hits="8" branch="False" />
                <line number="639" hits="8" branch="False" />
                <line number="640" hits="5" branch="False" />
                <line number="641" hits="31" branch="True" condition-coverage="50% (1/2)">
                  <conditions>
                    <condition number="296" type="jump" coverage="50%" />
                  </conditions>
                </line>
                <line number="642" hits="31" branch="False" />
                <line number="644" hits="31" branch="True" condition-coverage="100% (2/2)">
                  <conditions>
                    <condition number="320" type="jump" coverage="100%" />
                  </conditions>
                </line>
                <line number="645" hits="3" branch="False" />
                <line number="647" hits="3" branch="False" />
                <line number="648" hits="3" branch="False" />
                <line number="649" hits="3" branch="False" />
                <line number="651" hits="3" branch="False" />
                <line number="653" hits="28" branch="False" />
                <line number="655" hits="28" branch="False" />
                <line number="656" hits="28" branch="False" />
                <line number="657" hits="31" branch="False" />
                <line number="659" hits="0" branch="False" />
                <line number="660" hits="0" branch="False" />
                <line number="661" hits="0" branch="False" />
                <line number="662" hits="0" branch="True" condition-coverage="0% (0/2)">
                  <conditions>
                    <condition number="498" type="jump" coverage="0%" />
                  </conditions>
                </line>
                <line number="663" hits="0" branch="False" />
                <line number="664" hits="0" branch="False" />
                <line number="667" hits="36" branch="True" condition-coverage="50% (1/2)">
                  <conditions>
                    <condition number="552" type="jump" coverage="50%" />
                  </conditions>
                </line>
                <line number="668" hits="0" branch="False" />
                <line number="670" hits="0" branch="False" />
                <line number="674" hits="36" branch="True" condition-coverage="100% (4/4)">
                  <conditions>
                    <condition number="571" type="jump" coverage="100%" />
                    <condition number="594" type="jump" coverage="100%" />
                  </conditions>
                </line>
                <line number="675" hits="5" branch="False" />
                <line number="676" hits="5" branch="False" />
                <line number="677" hits="5" branch="False" />
                <line number="679" hits="5" branch="False" />
                <line number="680" hits="5" branch="False" />
                <line number="681" hits="5" branch="False" />
                <line number="683" hits="31" branch="False" />
                <line number="684" hits="31" branch="False" />
                <line number="685" hits="31" branch="False" />
                <line number="686" hits="31" branch="False" />
                <line number="689" hits="36" branch="True" condition-coverage="50% (1/2)">
                  <conditions>
                    <condition number="757" type="jump" coverage="50%" />
                  </conditions>
                </line>
                <line number="692" hits="36" branch="False" />
                <line number="693" hits="36" branch="False" />
                <line number="694" hits="3" branch="False" />
                <line number="695" hits="3" branch="False" />
                <line number="698" hits="3" branch="False" />
                <line number="700" hits="0" branch="False" />
                <line number="701" hits="0" branch="False" />
                <line number="702" hits="0" branch="False" />
                <line number="703" hits="0" branch="False" />
                <line number="704" hits="0" branch="False" />
                <line number="705" hits="0" branch="True" condition-coverage="0% (0/2)">
                  <conditions>
                    <condition number="902" type="jump" coverage="0%" />
                  </conditions>
                </line>
                <line number="706" hits="0" branch="False" />
                <line number="707" hits="0" branch="False" />
                <line number="709" hits="39" branch="False" />
              </lines>
            </method>
          </methods>
          <lines>
            <line number="626" hits="39" branch="False" />
            <line number="628" hits="39" branch="True" condition-coverage="100% (2/2)">
              <conditions>
                <condition number="38" type="jump" coverage="100%" />
              </conditions>
            </line>
            <line number="629" hits="39" branch="False" />
            <line number="630" hits="39" branch="False" />
            <line number="633" hits="39" branch="False" />
            <line number="637" hits="39" branch="True" condition-coverage="100% (2/2)">
              <conditions>
                <condition number="119" type="jump" coverage="100%" />
              </conditions>
            </line>
            <line number="638" hits="8" branch="False" />
            <line number="639" hits="8" branch="False" />
            <line number="640" hits="5" branch="False" />
            <line number="641" hits="31" branch="True" condition-coverage="50% (1/2)">
              <conditions>
                <condition number="296" type="jump" coverage="50%" />
              </conditions>
            </line>
            <line number="642" hits="31" branch="False" />
            <line number="644" hits="31" branch="True" condition-coverage="100% (2/2)">
              <conditions>
                <condition number="320" type="jump" coverage="100%" />
              </conditions>
            </line>
            <line number="645" hits="3" branch="False" />
            <line number="647" hits="3" branch="False" />
            <line number="648" hits="3" branch="False" />
            <line number="649" hits="3" branch="False" />
            <line number="651" hits="3" branch="False" />
            <line number="653" hits="28" branch="False" />
            <line number="655" hits="28" branch="False" />
            <line number="656" hits="28" branch="False" />
            <line number="657" hits="31" branch="False" />
            <line number="659" hits="0" branch="False" />
            <line number="660" hits="0" branch="False" />
            <line number="661" hits="0" branch="False" />
            <line number="662" hits="0" branch="True" condition-coverage="0% (0/2)">
              <conditions>
                <condition number="498" type="jump" coverage="0%" />
              </conditions>
            </line>
            <line number="663" hits="0" branch="False" />
            <line number="664" hits="0" branch="False" />
            <line number="667" hits="36" branch="True" condition-coverage="50% (1/2)">
              <conditions>
                <condition number="552" type="jump" coverage="50%" />
              </conditions>
            </line>
            <line number="668" hits="0" branch="False" />
            <line number="670" hits="0" branch="False" />
            <line number="674" hits="36" branch="True" condition-coverage="100% (4/4)">
              <conditions>
                <condition number="571" type="jump" coverage="100%" />
                <condition number="594" type="jump" coverage="100%" />
              </conditions>
            </line>
            <line number="675" hits="5" branch="False" />
            <line number="676" hits="5" branch="False" />
            <line number="677" hits="5" branch="False" />
            <line number="679" hits="5" branch="False" />
            <line number="680" hits="5" branch="False" />
            <line number="681" hits="5" branch="False" />
            <line number="683" hits="31" branch="False" />
            <line number="684" hits="31" branch="False" />
            <line number="685" hits="31" branch="False" />
            <line number="686" hits="31" branch="False" />
            <line number="689" hits="36" branch="True" condition-coverage="50% (1/2)">
              <conditions>
                <condition number="757" type="jump" coverage="50%" />
              </conditions>
            </line>
            <line number="692" hits="36" branch="False" />
            <line number="693" hits="36" branch="False" />
            <line number="694" hits="3" branch="False" />
            <line number="695" hits="3" branch="False" />
            <line number="698" hits="3" branch="False" />
            <line number="700" hits="0" branch="False" />
            <line number="701" hits="0" branch="False" />
            <line number="702" hits="0" branch="False" />
            <line number="703" hits="0" branch="False" />
            <line number="704" hits="0" branch="False" />
            <line number="705" hits="0" branch="True" condition-coverage="0% (0/2)">
              <conditions>
                <condition number="902" type="jump" coverage="0%" />
              </conditions>
            </line>
            <line number="706" hits="0" branch="False" />
            <line number="707" hits="0" branch="False" />
            <line number="709" hits="39" branch="False" />
          </lines>
        </class>
        <class name="EasyAppDev.Blazor.AutoComplete.AutoComplete`1/&lt;HandleKeyDown&gt;d__207" filename="Components/AutoComplete.razor.cs" line-rate="0.8076000000000001" branch-rate="0.6666" complexity="54">
          <methods>
            <method name="MoveNext" signature="()" line-rate="0.8076000000000001" branch-rate="0.6666" complexity="54">
              <lines>
                <line number="501" hits="13" branch="False" />
                <line number="502" hits="13" branch="True" condition-coverage="50% (1/2)">
                  <conditions>
                    <condition number="68" type="jump" coverage="50%" />
                  </conditions>
                </line>
                <line number="505" hits="13" branch="True" condition-coverage="60.52% (23/38)">
                  <conditions>
                    <condition number="118" type="jump" coverage="100%" />
                    <condition number="127" type="jump" coverage="100%" />
                    <condition number="136" type="jump" coverage="50%" />
                    <condition number="164" type="jump" coverage="100%" />
                    <condition number="192" type="jump" coverage="100%" />
                    <condition number="201" type="jump" coverage="100%" />
                    <condition number="226" type="jump" coverage="50%" />
                    <condition number="178" type="jump" coverage="50%" />
                    <condition number="212" type="jump" coverage="50%" />
                    <condition number="237" type="jump" coverage="50%" />
                    <condition number="147" type="jump" coverage="0%" />
                    <condition number="255" type="jump" coverage="50%" />
                    <condition number="273" type="jump" coverage="50%" />
                    <condition number="288" type="jump" coverage="50%" />
                    <condition number="303" type="jump" coverage="50%" />
                    <condition number="318" type="jump" coverage="50%" />
                    <condition number="333" type="jump" coverage="50%" />
                    <condition number="348" type="jump" coverage="50%" />
                    <condition number="363" type="jump" coverage="50%" />
                  </conditions>
                </line>
                <line number="506" hits="13" branch="False" />
                <line number="507" hits="13" branch="False" />
                <line number="508" hits="13" branch="True" condition-coverage="100% (2/2)">
                  <conditions>
                    <condition number="384" type="jump" coverage="100%" />
                  </conditions>
                </line>
                <line number="509" hits="0" branch="False" />
                <line number="510" hits="13" branch="False" />
                <line number="512" hits="13" branch="False" />
                <line number="514" hits="13" branch="True" condition-coverage="87.5% (7/8)">
                  <conditions>
                    <condition number="491" type="switch" coverage="87.5%" />
                  </conditions>
                </line>
                <line number="517" hits="0" branch="False" />
                <line number="518" hits="0" branch="False" />
                <line number="519" hits="0" branch="False" />
                <line number="520" hits="0" branch="False" />
                <line number="526" hits="11" branch="False" />
                <line number="527" hits="11" branch="False" />
                <line number="530" hits="1" branch="True" condition-coverage="75% (3/4)">
                  <conditions>
                    <condition number="833" type="jump" coverage="50%" />
                    <condition number="856" type="jump" coverage="100%" />
                  </conditions>
                </line>
                <line number="531" hits="1" branch="False" />
                <line number="532" hits="1" branch="False" />
                <line number="533" hits="1" branch="False" />
                <line number="534" hits="1" branch="False" />
                <line number="537" hits="1" branch="False" />
                <line number="538" hits="1" branch="False" />
                <line number="539" hits="1" branch="False" />
                <line number="540" hits="1" branch="False" />
                <line number="542" hits="13" branch="False" />
              </lines>
            </method>
          </methods>
          <lines>
            <line number="501" hits="13" branch="False" />
            <line number="502" hits="13" branch="True" condition-coverage="50% (1/2)">
              <conditions>
                <condition number="68" type="jump" coverage="50%" />
              </conditions>
            </line>
            <line number="505" hits="13" branch="True" condition-coverage="60.52% (23/38)">
              <conditions>
                <condition number="118" type="jump" coverage="100%" />
                <condition number="127" type="jump" coverage="100%" />
                <condition number="136" type="jump" coverage="50%" />
                <condition number="164" type="jump" coverage="100%" />
                <condition number="192" type="jump" coverage="100%" />
                <condition number="201" type="jump" coverage="100%" />
                <condition number="226" type="jump" coverage="50%" />
                <condition number="178" type="jump" coverage="50%" />
                <condition number="212" type="jump" coverage="50%" />
                <condition number="237" type="jump" coverage="50%" />
                <condition number="147" type="jump" coverage="0%" />
                <condition number="255" type="jump" coverage="50%" />
                <condition number="273" type="jump" coverage="50%" />
                <condition number="288" type="jump" coverage="50%" />
                <condition number="303" type="jump" coverage="50%" />
                <condition number="318" type="jump" coverage="50%" />
                <condition number="333" type="jump" coverage="50%" />
                <condition number="348" type="jump" coverage="50%" />
                <condition number="363" type="jump" coverage="50%" />
              </conditions>
            </line>
            <line number="506" hits="13" branch="False" />
            <line number="507" hits="13" branch="False" />
            <line number="508" hits="13" branch="True" condition-coverage="100% (2/2)">
              <conditions>
                <condition number="384" type="jump" coverage="100%" />
              </conditions>
            </line>
            <line number="509" hits="0" branch="False" />
            <line number="510" hits="13" branch="False" />
            <line number="512" hits="13" branch="False" />
            <line number="514" hits="13" branch="True" condition-coverage="87.5% (7/8)">
              <conditions>
                <condition number="491" type="switch" coverage="87.5%" />
              </conditions>
            </line>
            <line number="517" hits="0" branch="False" />
            <line number="518" hits="0" branch="False" />
            <line number="519" hits="0" branch="False" />
            <line number="520" hits="0" branch="False" />
            <line number="526" hits="11" branch="False" />
            <line number="527" hits="11" branch="False" />
            <line number="530" hits="1" branch="True" condition-coverage="75% (3/4)">
              <conditions>
                <condition number="833" type="jump" coverage="50%" />
                <condition number="856" type="jump" coverage="100%" />
              </conditions>
            </line>
            <line number="531" hits="1" branch="False" />
            <line number="532" hits="1" branch="False" />
            <line number="533" hits="1" branch="False" />
            <line number="534" hits="1" branch="False" />
            <line number="537" hits="1" branch="False" />
            <line number="538" hits="1" branch="False" />
            <line number="539" hits="1" branch="False" />
            <line number="540" hits="1" branch="False" />
            <line number="542" hits="13" branch="False" />
          </lines>
        </class>
        <class name="EasyAppDev.Blazor.AutoComplete.AutoComplete`1/&lt;OnParametersSetAsync&gt;d__204" filename="Components/AutoComplete.razor.cs" line-rate="0.5294" branch-rate="0.5" complexity="10">
          <methods>
            <method name="MoveNext" signature="()" line-rate="0.5294" branch-rate="0.5" complexity="10">
              <lines>
                <line number="399" hits="67" branch="False" />
                <line number="400" hits="67" branch="False" />
                <line number="403" hits="67" branch="True" condition-coverage="50% (1/2)">
                  <conditions>
                    <condition number="157" type="jump" coverage="50%" />
                  </conditions>
                </line>
                <line number="404" hits="0" branch="False" />
                <line number="405" hits="0" branch="False" />
                <line number="406" hits="0" branch="False" />
                <line number="409" hits="67" branch="True" condition-coverage="100% (2/2)">
                  <conditions>
                    <condition number="215" type="jump" coverage="100%" />
                  </conditions>
                </line>
                <line number="410" hits="5" branch="False" />
                <line number="411" hits="5" branch="False" />
                <line number="412" hits="0" branch="False" />
                <line number="413" hits="0" branch="False" />
                <line number="416" hits="62" branch="False" />
                <line number="419" hits="62" branch="True" condition-coverage="33.33% (2/6)">
                  <conditions>
                    <condition number="376" type="jump" coverage="50%" />
                    <condition number="389" type="jump" coverage="0%" />
                    <condition number="415" type="jump" coverage="50%" />
                  </conditions>
                </line>
                <line number="420" hits="0" branch="False" />
                <line number="421" hits="0" branch="False" />
                <line number="422" hits="0" branch="False" />
                <line number="423" hits="62" branch="False" />
              </lines>
            </method>
          </methods>
          <lines>
            <line number="399" hits="67" branch="False" />
            <line number="400" hits="67" branch="False" />
            <line number="403" hits="67" branch="True" condition-coverage="50% (1/2)">
              <conditions>
                <condition number="157" type="jump" coverage="50%" />
              </conditions>
            </line>
            <line number="404" hits="0" branch="False" />
            <line number="405" hits="0" branch="False" />
            <line number="406" hits="0" branch="False" />
            <line number="409" hits="67" branch="True" condition-coverage="100% (2/2)">
              <conditions>
                <condition number="215" type="jump" coverage="100%" />
              </conditions>
            </line>
            <line number="410" hits="5" branch="False" />
            <line number="411" hits="5" branch="False" />
            <line number="412" hits="0" branch="False" />
            <line number="413" hits="0" branch="False" />
            <line number="416" hits="62" branch="False" />
            <line number="419" hits="62" branch="True" condition-coverage="33.33% (2/6)">
              <conditions>
                <condition number="376" type="jump" coverage="50%" />
                <condition number="389" type="jump" coverage="0%" />
                <condition number="415" type="jump" coverage="50%" />
              </conditions>
            </line>
            <line number="420" hits="0" branch="False" />
            <line number="421" hits="0" branch="False" />
            <line number="422" hits="0" branch="False" />
            <line number="423" hits="62" branch="False" />
          </lines>
        </class>
        <class name="EasyAppDev.Blazor.AutoComplete.AutoComplete`1/&lt;OnSearchTextChanged&gt;d__206" filename="Components/AutoComplete.razor.cs" line-rate="1" branch-rate="0.7142000000000001" complexity="14">
          <methods>
            <method name="MoveNext" signature="()" line-rate="1" branch-rate="0.7142000000000001" complexity="14">
              <lines>
                <line number="445" hits="43" branch="False" />
                <line number="446" hits="43" branch="True" condition-coverage="50% (2/4)">
                  <conditions>
                    <condition number="47" type="jump" coverage="50%" />
                    <condition number="59" type="jump" coverage="50%" />
                  </conditions>
                </line>
                <line number="448" hits="43" branch="True" condition-coverage="100% (2/2)">
                  <conditions>
                    <condition number="106" type="jump" coverage="100%" />
                  </conditions>
                </line>
                <line number="449" hits="41" branch="False" />
                <line number="450" hits="41" branch="True" condition-coverage="100% (2/2)">
                  <conditions>
                    <condition number="128" type="jump" coverage="100%" />
                  </conditions>
                </line>
[...]
                <line number="141" hits="1" branch="False" />
                <line number="142" hits="1" branch="False" />
                <line number="143" hits="1" branch="False" />
                <line number="144" hits="1" branch="False" />
                <line number="145" hits="1" branch="False" />
                <line number="146" hits="1" branch="False" />
                <line number="149" hits="0" branch="False" />
                <line number="150" hits="1" branch="False" />
              </lines>
            </method>
            <method name="HandleEnter" signature="()" line-rate="0.9166" branch-rate="0.5" complexity="6">
              <lines>
                <line number="153" hits="1" branch="False" />
                <line number="154" hits="1" branch="True" condition-coverage="50% (3/6)">
                  <conditions>
                    <condition number="7" type="jump" coverage="50%" />
                    <condition number="16" type="jump" coverage="50%" />
                    <condition number="42" type="jump" coverage="50%" />
                  </conditions>
                </line>
                <line number="155" hits="1" branch="False" />
                <line number="156" hits="1" branch="False" />
                <line number="157" hits="1" branch="False" />
                <line number="158" hits="1" branch="False" />
                <line number="159" hits="1" branch="False" />
                <line number="160" hits="1" branch="False" />
                <line number="161" hits="1" branch="False" />
                <line number="162" hits="1" branch="False" />
                <line number="165" hits="0" branch="False" />
                <line number="166" hits="1" branch="False" />
              </lines>
            </method>
            <method name="HandleEscape" signature="()" line-rate="0.9166" branch-rate="0.5" complexity="2">
              <lines>
                <line number="169" hits="1" branch="False" />
                <line number="170" hits="1" branch="True" condition-coverage="50% (1/2)">
                  <conditions>
                    <condition number="9" type="jump" coverage="50%" />
                  </conditions>
                </line>
                <line number="171" hits="1" branch="False" />
                <line number="172" hits="1" branch="False" />
                <line number="173" hits="1" branch="False" />
                <line number="174" hits="1" branch="False" />
                <line number="175" hits="1" branch="False" />
                <line number="176" hits="1" branch="False" />
                <line number="177" hits="1" branch="False" />
                <line number="178" hits="1" branch="False" />
                <line number="181" hits="0" branch="False" />
                <line number="182" hits="1" branch="False" />
              </lines>
            </method>
            <method name="HandleHome" signature="()" line-rate="0.9166" branch-rate="0.5" complexity="4">
              <lines>
                <line number="185" hits="1" branch="False" />
                <line number="186" hits="1" branch="True" condition-coverage="50% (2/4)">
                  <conditions>
                    <condition number="7" type="jump" coverage="50%" />
                    <condition number="25" type="jump" coverage="50%" />
                  </conditions>
                </line>
                <line number="187" hits="1" branch="False" />
                <line number="188" hits="1" branch="False" />
                <line number="189" hits="1" branch="False" />
                <line number="190" hits="1" branch="False" />
                <line number="191" hits="1" branch="False" />
                <line number="192" hits="1" branch="False" />
                <line number="193" hits="1" branch="False" />
                <line number="194" hits="1" branch="False" />
                <line number="197" hits="0" branch="False" />
                <line number="198" hits="1" branch="False" />
              </lines>
            </method>
            <method name="HandleEnd" signature="()" line-rate="0.9166" branch-rate="0.5" complexity="4">
              <lines>
                <line number="201" hits="1" branch="False" />
                <line number="202" hits="1" branch="True" condition-coverage="50% (2/4)">
                  <conditions>
                    <condition number="7" type="jump" coverage="50%" />
                    <condition number="25" type="jump" coverage="50%" />
                  </conditions>
                </line>
                <line number="203" hits="1" branch="False" />
                <line number="204" hits="1" branch="False" />
                <line number="205" hits="1" branch="False" />
                <line number="206" hits="1" branch="False" />
                <line number="207" hits="1" branch="False" />
                <line number="208" hits="1" branch="False" />
                <line number="209" hits="1" branch="False" />
                <line number="210" hits="1" branch="False" />
                <line number="213" hits="0" branch="False" />
                <line number="214" hits="1" branch="False" />
              </lines>
            </method>
            <method name="HandleTab" signature="()" line-rate="0" branch-rate="0" complexity="2">
              <lines>
                <line number="217" hits="0" branch="False" />
                <line number="218" hits="0" branch="True" condition-coverage="0% (0/2)">
                  <conditions>
                    <condition number="9" type="jump" coverage="0%" />
                  </conditions>
                </line>
                <line number="219" hits="0" branch="False" />
                <line number="220" hits="0" branch="False" />
                <line number="221" hits="0" branch="False" />
                <line number="222" hits="0" branch="False" />
                <line number="223" hits="0" branch="False" />
                <line number="224" hits="0" branch="False" />
                <line number="225" hits="0" branch="False" />
                <line number="228" hits="0" branch="False" />
                <line number="229" hits="0" branch="False" />
              </lines>
            </method>
            <method name="Reset" signature="()" line-rate="1" branch-rate="1" complexity="1">
              <lines>
                <line number="235" hits="8" branch="False" />
                <line number="236" hits="8" branch="False" />
                <line number="237" hits="8" branch="False" />
                <line number="238" hits="8" branch="False" />
              </lines>
            </method>
            <method name=".ctor" signature="(System.Collections.Generic.List`1&lt;TItem&gt;)" line-rate="1" branch-rate="1" complexity="1">
              <lines>
                <line number="13" hits="67" branch="False" />
                <line number="45" hits="67" branch="False" />
                <line number="46" hits="67" branch="False" />
                <line number="47" hits="67" branch="False" />
                <line number="48" hits="67" branch="False" />
              </lines>
            </method>
          </methods>
          <lines>
            <line number="21" hits="259" branch="False" />
            <line number="22" hits="1" branch="False" />
            <line number="30" hits="0" branch="False" />
            <line number="31" hits="39" branch="False" />
            <line number="37" hits="0" branch="True" condition-coverage="0% (0/4)">
              <conditions>
                <condition number="7" type="jump" coverage="0%" />
                <condition number="26" type="jump" coverage="0%" />
              </conditions>
            </line>
            <line number="38" hits="0" branch="False" />
            <line number="39" hits="0" branch="False" />
            <line number="55" hits="36" branch="False" />
            <line number="57" hits="36" branch="False" />
            <line number="58" hits="36" branch="False" />
            <line number="59" hits="36" branch="False" />
            <line number="62" hits="36" branch="True" condition-coverage="50% (1/2)">
              <conditions>
                <condition number="57" type="jump" coverage="50%" />
              </conditions>
            </line>
            <line number="63" hits="0" branch="False" />
            <line number="64" hits="0" branch="False" />
            <line number="65" hits="0" branch="False" />
            <line number="66" hits="36" branch="False" />
            <line number="74" hits="13" branch="False" />
            <line number="75" hits="13" branch="True" condition-coverage="59.37% (19/32)">
              <conditions>
                <condition number="23" type="jump" coverage="100%" />
                <condition number="31" type="jump" coverage="100%" />
                <condition number="41" type="jump" coverage="100%" />
                <condition number="67" type="jump" coverage="100%" />
                <condition number="75" type="jump" coverage="100%" />
                <condition number="98" type="jump" coverage="50%" />
                <condition number="54" type="jump" coverage="50%" />
                <condition number="85" type="jump" coverage="50%" />
                <condition number="108" type="jump" coverage="0%" />
                <condition number="126" type="jump" coverage="50%" />
                <condition number="144" type="jump" coverage="50%" />
                <condition number="162" type="jump" coverage="50%" />
                <condition number="177" type="jump" coverage="50%" />
                <condition number="192" type="jump" coverage="50%" />
                <condition number="207" type="jump" coverage="50%" />
                <condition number="222" type="jump" coverage="0%" />
              </conditions>
            </line>
            <line number="78" hits="8" branch="False" />
            <line number="81" hits="1" branch="False" />
            <line number="84" hits="1" branch="False" />
            <line number="87" hits="1" branch="False" />
            <line number="90" hits="1" branch="False" />
            <line number="93" hits="1" branch="False" />
            <line number="96" hits="0" branch="False" />
            <line number="99" hits="0" branch="False" />
            <line number="101" hits="13" branch="False" />
            <line number="104" hits="8" branch="False" />
            <line number="105" hits="8" branch="True" condition-coverage="50% (2/4)">
              <conditions>
                <condition number="7" type="jump" coverage="50%" />
                <condition number="25" type="jump" coverage="50%" />
              </conditions>
            </line>
            <line number="106" hits="0" branch="False" />
            <line number="107" hits="0" branch="False" />
            <line number="108" hits="0" branch="False" />
            <line number="109" hits="0" branch="False" />
            <line number="110" hits="0" branch="False" />
            <line number="111" hits="0" branch="False" />
            <line number="112" hits="0" branch="False" />
            <line number="113" hits="0" branch="False" />
            <line number="114" hits="0" branch="False" />
            <line number="117" hits="8" branch="True" condition-coverage="50% (1/2)">
              <conditions>
                <condition number="92" type="jump" coverage="50%" />
              </conditions>
            </line>
            <line number="118" hits="8" branch="False" />
            <line number="119" hits="8" branch="False" />
            <line number="120" hits="8" branch="False" />
            <line number="121" hits="8" branch="False" />
            <line number="122" hits="8" branch="False" />
            <line number="123" hits="8" branch="False" />
            <line number="124" hits="8" branch="False" />
            <line number="125" hits="8" branch="False" />
            <line number="128" hits="0" branch="False" />
            <line number="129" hits="8" branch="False" />
            <line number="132" hits="1" branch="False" />
            <line number="133" hits="1" branch="True" condition-coverage="50% (1/2)">
              <conditions>
                <condition number="12" type="jump" coverage="50%" />
              </conditions>
            </line>
            <line number="134" hits="0" branch="False" />
            <line number="135" hits="0" branch="False" />
            <line number="138" hits="1" branch="True" condition-coverage="50% (1/2)">
              <conditions>
                <condition number="44" type="jump" coverage="50%" />
              </conditions>
            </line>
            <line number="139" hits="1" branch="False" />
            <line number="140" hits="1" branch="False" />
            <line number="141" hits="1" branch="False" />
            <line number="142" hits="1" branch="False" />
            <line number="143" hits="1" branch="False" />
            <line number="144" hits="1" branch="False" />
            <line number="145" hits="1" branch="False" />
            <line number="146" hits="1" branch="False" />
            <line number="149" hits="0" branch="False" />
            <line number="150" hits="1" branch="False" />
            <line number="153" hits="1" branch="False" />
            <line number="154" hits="1" branch="True" condition-coverage="50% (3/6)">
              <conditions>
                <condition number="7" type="jump" coverage="50%" />
                <condition number="16" type="jump" coverage="50%" />
                <condition number="42" type="jump" coverage="50%" />
              </conditions>
            </line>
            <line number="155" hits="1" branch="False" />
            <line number="156" hits="1" branch="False" />
            <line number="157" hits="1" branch="False" />
            <line number="158" hits="1" branch="False" />
            <line number="159" hits="1" branch="False" />
            <line number="160" hits="1" branch="False" />
            <line number="161" hits="1" branch="False" />
            <line number="162" hits="1" branch="False" />
            <line number="165" hits="0" branch="False" />
            <line number="166" hits="1" branch="False" />
            <line number="169" hits="1" branch="False" />
            <line number="170" hits="1" branch="True" condition-coverage="50% (1/2)">
              <conditions>
                <condition number="9" type="jump" coverage="50%" />
              </conditions>
            </line>
            <line number="171" hits="1" branch="False" />
            <line number="172" hits="1" branch="False" />
            <line number="173" hits="1" branch="False" />
            <line number="174" hits="1" branch="False" />
            <line number="175" hits="1" branch="False" />
            <line number="176" hits="1" branch="False" />
            <line number="177" hits="1" branch="False" />
            <line number="178" hits="1" branch="False" />
            <line number="181" hits="0" branch="False" />
            <line number="182" hits="1" branch="False" />
            <line number="185" hits="1" branch="False" />
            <line number="186" hits="1" branch="True" condition-coverage="50% (2/4)">
              <conditions>
                <condition number="7" type="jump" coverage="50%" />
                <condition number="25" type="jump" coverage="50%" />
              </conditions>
            </line>
            <line number="187" hits="1" branch="False" />
            <line number="188" hits="1" branch="False" />
            <line number="189" hits="1" branch="False" />
            <line number="190" hits="1" branch="False" />
            <line number="191" hits="1" branch="False" />
            <line number="192" hits="1" branch="False" />
            <line number="193" hits="1" branch="False" />
            <line number="194" hits="1" branch="False" />
            <line number="197" hits="0" branch="False" />
            <line number="198" hits="1" branch="False" />
            <line number="201" hits="1" branch="False" />
            <line number="202" hits="1" branch="True" condition-coverage="50% (2/4)">
              <conditions>
                <condition number="7" type="jump" coverage="50%" />
                <condition number="25" type="jump" coverage="50%" />
              </conditions>
            </line>
            <line number="203" hits="1" branch="False" />
            <line number="204" hits="1" branch="False" />
            <line number="205" hits="1" branch="False" />
            <line number="206" hits="1" branch="False" />
            <line number="207" hits="1" branch="False" />
            <line number="208" hits="1" branch="False" />
            <line number="209" hits="1" branch="False" />
            <line number="210" hits="1" branch="False" />
            <line number="213" hits="0" branch="False" />
            <line number="214" hits="1" branch="False" />
            <line number="217" hits="0" branch="False" />
            <line number="218" hits="0" branch="True" condition-coverage="0% (0/2)">
              <conditions>
                <condition number="9" type="jump" coverage="0%" />
              </conditions>
            </line>
            <line number="219" hits="0" branch="False" />
            <line number="220" hits="0" branch="False" />
            <line number="221" hits="0" branch="False" />
            <line number="222" hits="0" branch="False" />
            <line number="223" hits="0" branch="False" />
            <line number="224" hits="0" branch="False" />
            <line number="225" hits="0" branch="False" />
            <line number="228" hits="0" branch="False" />
            <line number="229" hits="0" branch="False" />
            <line number="235" hits="8" branch="False" />
            <line number="236" hits="8" branch="False" />
            <line number="237" hits="8" branch="False" />
            <line number="238" hits="8" branch="False" />
            <line number="13" hits="67" branch="False" />
            <line number="45" hits="67" branch="False" />
            <line number="46" hits="67" branch="False" />
            <line number="47" hits="67" branch="False" />
            <line number="48" hits="67" branch="False" />
          </lines>
        </class>
        <class name="EasyAppDev.Blazor.AutoComplete.Accessibility.KeyboardNavigationAction" filename="Accessibility/KeyboardNavigationHandler.cs" line-rate="1" branch-rate="1" complexity="4">
          <methods>
            <method name="get_Type" signature="()" line-rate="1" branch-rate="1" complexity="1">
              <lines>
                <line number="264" hits="26" branch="False" />
              </lines>
            </method>
            <method name="get_SelectedIndex" signature="()" line-rate="1" branch-rate="1" complexity="1">
              <lines>
                <line number="269" hits="25" branch="False" />
              </lines>
            </method>
            <method name="get_SelectedItem" signature="()" line-rate="1" branch-rate="1" complexity="1">
              <lines>
                <line number="274" hits="2" branch="False" />
              </lines>
            </method>
            <method name="get_PreventDefault" signature="()" line-rate="1" branch-rate="1" complexity="1">
              <lines>
                <line number="279" hits="13" branch="False" />
              </lines>
            </method>
          </methods>
          <lines>
            <line number="264" hits="26" branch="False" />
            <line number="269" hits="25" branch="False" />
            <line number="274" hits="2" branch="False" />
            <line number="279" hits="13" branch="False" />
          </lines>
        </class>
      </classes>
    </package>
  </packages>
</coverage>